2023-05-29 20:39:09,874 [INFO] MainUpdater:2854 - connection check result : 10
2023-05-29 20:39:09,876 [INFO] MainUpdater:2854 - connection check result : 10
2023-05-29 20:39:09,896 [ERROR] IocParser:57 - IOException caught: /home/desd/STM32CubeIDE/workspace_1.12.1/TRY/TRY.ioc (No such file or directory)
2023-05-29 20:39:09,897 [ERROR] PeripheralListParser:95 - Something went wrong with ioc file reading: /home/desd/STM32CubeIDE/workspace_1.12.1/TRY/TRY.ioc (No such file or directory)
2023-05-29 20:39:09,898 [ERROR] RegexParser:59 - Issue caught when parsing regex: /home/desd/STM32CubeIDE/workspace_1.12.1/TRY/TRY.ioc (No such file or directory)
2023-05-29 20:39:09,927 [INFO] MicroXplorer:468 - Change Database Path : 
2023-05-29 20:39:09,927 [INFO] MicroXplorer:498 - Change Database Version : DB.6.0.81
2023-05-29 20:39:09,945 [WARN] ThirdParty:871 - waiting for thirdparty lock release [close project]
2023-05-29 20:39:09,945 [INFO] ThirdParty:873 - entering critical section [close project]
2023-05-29 20:39:09,945 [INFO] ThirdParty:883 - exiting critical section [close project]
2023-05-29 20:39:09,947 [INFO] PinOutPanel:1499 - setPackage(No Configuration,No Configuration)
2023-05-29 20:39:09,953 [WARN] IpParametersView:150 - Warning: This peripheral hasn't parameters
2023-05-29 20:39:09,956 [WARN] MainPanel:257 - <html><b><center>Warning: This peripheral has no parameters to be configured<br></b></html>
2023-05-29 20:39:09,958 [INFO] UtilMem:75 - Begin LoadConfig() Used Memory: 417456160 Bytes (759169024)
2023-05-29 20:39:09,959 [INFO] MicroXplorer:468 - Change Database Path : 
2023-05-29 20:39:09,959 [INFO] MicroXplorer:498 - Change Database Version : DB.6.0.81
2023-05-29 20:39:09,959 [INFO] OpenFileManager:308 - Change cursor
2023-05-29 20:39:09,966 [INFO] RulesReader:64 - Compatibility file has been processed (293 Rules)
2023-05-29 20:39:09,968 [INFO] Mcu:1937 - Initializing MCU STM32F407V(E-G)Tx STM32F407VGTx STM32F407VGT6
2023-05-29 20:39:10,650 [INFO] Context:659 - Trying to add GPIOservice into a context  which must be forbidden
2023-05-29 20:39:10,982 [WARN] ModelIntegratedComponent:63 - No mode defined for component null
2023-05-29 20:39:10,982 [WARN] ModelIntegratedComponent:63 - No mode defined for component null
2023-05-29 20:39:10,982 [WARN] ModelIntegratedComponent:63 - No mode defined for component null
2023-05-29 20:39:10,982 [WARN] ModelIntegratedComponent:63 - No mode defined for component null
2023-05-29 20:39:10,982 [WARN] ModelIntegratedComponent:63 - No mode defined for component null
2023-05-29 20:39:10,982 [WARN] ModelIntegratedComponent:63 - No mode defined for component null
2023-05-29 20:39:10,982 [WARN] ModelIntegratedComponent:63 - No mode defined for component null
2023-05-29 20:39:10,982 [WARN] ModelIntegratedComponent:63 - No mode defined for component null
2023-05-29 20:39:10,982 [WARN] ModelIntegratedComponent:63 - No mode defined for component null
2023-05-29 20:39:10,982 [WARN] ModelIntegratedComponent:63 - No mode defined for component null
2023-05-29 20:39:10,982 [WARN] ModelIntegratedComponent:63 - No mode defined for component null
2023-05-29 20:39:10,982 [WARN] ModelIntegratedComponent:63 - No mode defined for component null
2023-05-29 20:39:10,982 [WARN] ModelIntegratedComponent:63 - No mode defined for component null
2023-05-29 20:39:10,982 [WARN] ModelIntegratedComponent:63 - No mode defined for component null
2023-05-29 20:39:10,982 [WARN] ModelIntegratedComponent:63 - No mode defined for component null
2023-05-29 20:39:10,982 [WARN] ModelIntegratedComponent:63 - No mode defined for component null
2023-05-29 20:39:10,982 [WARN] ModelIntegratedComponent:63 - No mode defined for component null
2023-05-29 20:39:10,982 [WARN] ModelIntegratedComponent:63 - No mode defined for component null
2023-05-29 20:39:10,982 [WARN] ModelIntegratedComponent:63 - No mode defined for component null
2023-05-29 20:39:10,982 [WARN] ModelIntegratedComponent:63 - No mode defined for component null
2023-05-29 20:39:10,982 [WARN] ModelIntegratedComponent:63 - No mode defined for component null
2023-05-29 20:39:10,982 [WARN] ModelIntegratedComponent:63 - No mode defined for component null
2023-05-29 20:39:10,982 [WARN] ModelIntegratedComponent:63 - No mode defined for component null
2023-05-29 20:39:10,982 [WARN] ModelIntegratedComponent:63 - No mode defined for component null
2023-05-29 20:39:10,982 [WARN] ModelIntegratedComponent:63 - No mode defined for component null
2023-05-29 20:39:10,982 [WARN] ModelIntegratedComponent:63 - No mode defined for component null
2023-05-29 20:39:10,982 [WARN] ModelIntegratedComponent:63 - No mode defined for component null
2023-05-29 20:39:10,982 [WARN] ModelIntegratedComponent:63 - No mode defined for component null
2023-05-29 20:39:10,982 [WARN] ModelIntegratedComponent:63 - No mode defined for component null
2023-05-29 20:39:10,982 [WARN] ModelIntegratedComponent:63 - No mode defined for component null
2023-05-29 20:39:10,982 [WARN] ModelIntegratedComponent:63 - No mode defined for component null
2023-05-29 20:39:10,982 [WARN] ModelIntegratedComponent:63 - No mode defined for component null
2023-05-29 20:39:10,983 [WARN] ModelIntegratedComponent:63 - No mode defined for component null
2023-05-29 20:39:10,988 [INFO] RtosManager:555 - Registered RTOS mode: class=CMSIS, group=RTOS, mode=CMSIS_V1, owner=FREERTOS
2023-05-29 20:39:10,989 [INFO] RtosManager:555 - Registered RTOS mode: class=CMSIS, group=RTOS2, mode=CMSIS_V2, owner=FREERTOS
2023-05-29 20:39:10,989 [INFO] RtosManager:555 - Registered RTOS mode: class=RTOS, group=Core, mode=CMSIS_V1, owner=FREERTOS
2023-05-29 20:39:10,989 [INFO] RtosManager:555 - Registered RTOS mode: class=RTOS, group=Core, mode=CMSIS_V2, owner=FREERTOS
2023-05-29 20:39:10,989 [WARN] ModelIntegratedComponent:184 - Missing modes for component STMicroelectronics:FreeRTOS:0.0.1:STMicroelectronics:RTOS:FreeRTOS:Core:::10.2.0:
2023-05-29 20:39:11,001 [INFO] ThirdPartyModel:298 - Start build external matchings
2023-05-29 20:39:11,076 [INFO] ThirdPartyModel:316 - End build external matchings
2023-05-29 20:39:11,197 [INFO] UtilMem:75 - End LoadConfig() Used Memory: 331909432 Bytes (759169024)
2023-05-29 20:39:11,207 [WARN] ThirdParty:833 - waiting for thirdparty lock release [change project]
2023-05-29 20:39:11,207 [INFO] ThirdParty:835 - entering critical section [change project]
2023-05-29 20:39:11,207 [INFO] ThirdParty:1030 - CMSIS Pack Vendor :STMicroelectronics X-CUBE-ISPU 1.1.0
2023-05-29 20:39:11,207 [INFO] ThirdParty:1030 - CMSIS Pack Vendor :STMicroelectronics X-CUBE-DISPLAY 3.0.0
2023-05-29 20:39:11,207 [INFO] ThirdParty:1030 - CMSIS Pack Vendor :STMicroelectronics X-CUBE-GNSS1 6.0.0
2023-05-29 20:39:11,207 [INFO] ThirdParty:1030 - CMSIS Pack Vendor :STMicroelectronics USB_HOST 2.0.0
2023-05-29 20:39:11,207 [INFO] ThirdParty:1030 - CMSIS Pack Vendor :STMicroelectronics X-CUBE-AZRTOS-F4 1.1.0
2023-05-29 20:39:11,207 [INFO] ThirdParty:1030 - CMSIS Pack Vendor :STMicroelectronics LIBJPEG 8.0.0
2023-05-29 20:39:11,207 [INFO] ThirdParty:1030 - CMSIS Pack Vendor :STMicroelectronics FP-ATR-SIGFOX1 3.2.0
2023-05-29 20:39:11,207 [INFO] ThirdParty:1030 - CMSIS Pack Vendor :STMicroelectronics X-CUBE-SMBUS 2.1.0
2023-05-29 20:39:11,207 [INFO] ThirdParty:1030 - CMSIS Pack Vendor :STMicroelectronics USB_DEVICE 3.0.0
2023-05-29 20:39:11,207 [INFO] ThirdParty:1030 - CMSIS Pack Vendor :STMicroelectronics HAL Drivers 0.0.0
2023-05-29 20:39:11,207 [INFO] ThirdParty:1030 - CMSIS Pack Vendor :STMicroelectronics MBEDTLS 2.16.2
2023-05-29 20:39:11,207 [INFO] ThirdParty:1030 - CMSIS Pack Vendor :STMicroelectronics X-CUBE-FREERTOS 1.0.1
2023-05-29 20:39:11,207 [INFO] ThirdParty:1030 - CMSIS Pack Vendor :STMicroelectronics MBEDTLS 2.14.1
2023-05-29 20:39:11,207 [INFO] ThirdParty:1030 - CMSIS Pack Vendor :STMicroelectronics X-CUBE-NFC7 1.0.0
2023-05-29 20:39:11,207 [INFO] ThirdParty:1030 - CMSIS Pack Vendor :STMicroelectronics X-CUBE-AZRTOS-WL 1.0.0
2023-05-29 20:39:11,207 [INFO] ThirdParty:1030 - CMSIS Pack Vendor :STMicroelectronics X-CUBE-AZRTOS-F7 1.1.0
2023-05-29 20:39:11,207 [INFO] ThirdParty:1030 - CMSIS Pack Vendor :STMicroelectronics X-CUBE-EEPRMA1 4.1.0
2023-05-29 20:39:11,207 [INFO] ThirdParty:1030 - CMSIS Pack Vendor :STMicroelectronics X-CUBE-ALS 1.0.1
2023-05-29 20:39:11,207 [INFO] ThirdParty:1030 - CMSIS Pack Vendor :STMicroelectronics USB_DEVICE 2.0.0
2023-05-29 20:39:11,207 [INFO] ThirdParty:1030 - CMSIS Pack Vendor :STMicroelectronics ThreadX 1.0.0
2023-05-29 20:39:11,207 [INFO] ThirdParty:1030 - CMSIS Pack Vendor :STMicroelectronics X-CUBE-AZRTOS-WB 1.1.0
2023-05-29 20:39:11,207 [INFO] ThirdParty:1030 - CMSIS Pack Vendor :STMicroelectronics X-CUBE-ALGOBUILD 1.3.0
2023-05-29 20:39:11,208 [INFO] ThirdParty:1030 - CMSIS Pack Vendor :SEGGER I-CUBE-embOS 1.3.1
2023-05-29 20:39:11,208 [INFO] ThirdParty:1030 - CMSIS Pack Vendor :STMicroelectronics X-CUBE-BLE1 6.2.4
2023-05-29 20:39:11,208 [INFO] ThirdParty:1030 - CMSIS Pack Vendor :STMicroelectronics X-CUBE-AZRTOS-L5 1.1.0
2023-05-29 20:39:11,208 [INFO] ThirdParty:1030 - CMSIS Pack Vendor :STMicroelectronics FreeRTOS 0.0.1
2023-05-29 20:39:11,208 [INFO] ThirdParty:1030 - CMSIS Pack Vendor :STMicroelectronics X-CUBE-AZRTOS-G0 1.1.0
2023-05-29 20:39:11,208 [INFO] ThirdParty:1030 - CMSIS Pack Vendor :STMicroelectronics USB_DEVICE 1.0.0
2023-05-29 20:39:11,208 [INFO] ThirdParty:1030 - CMSIS Pack Vendor :STMicroelectronics X-CUBE-BLEMGR 2.0.0
2023-05-29 20:39:11,208 [INFO] ThirdParty:1030 - CMSIS Pack Vendor :STMicroelectronics X-CUBE-SUBG2 5.0.0
2023-05-29 20:39:11,208 [INFO] ThirdParty:1030 - CMSIS Pack Vendor :STMicroelectronics X-CUBE-NFC4 3.0.0
2023-05-29 20:39:11,208 [INFO] ThirdParty:1030 - CMSIS Pack Vendor :STMicroelectronics STM32_WPAN 1.0.0
2023-05-29 20:39:11,208 [INFO] ThirdParty:1030 - CMSIS Pack Vendor :STMicroelectronics ThreadX 0.0.2
2023-05-29 20:39:11,208 [INFO] ThirdParty:1030 - CMSIS Pack Vendor :STMicroelectronics FP-ATR-ASTRA1 2.0.0
2023-05-29 20:39:11,208 [INFO] ThirdParty:1030 - CMSIS Pack Vendor :STMicroelectronics lwIP 2.1.2
2023-05-29 20:39:11,208 [INFO] ThirdParty:1030 - CMSIS Pack Vendor :STMicroelectronics lwIP 2.0.3
2023-05-29 20:39:11,208 [INFO] ThirdParty:1030 - CMSIS Pack Vendor :STMicroelectronics X-CUBE-SFXS2LP1 4.0.0
2023-05-29 20:39:11,208 [INFO] ThirdParty:1030 - CMSIS Pack Vendor :STMicroelectronics X-CUBE-BLE2 3.3.0
2023-05-29 20:39:11,208 [INFO] ThirdParty:1030 - CMSIS Pack Vendor :STMicroelectronics USB_HOST 1.0.0
2023-05-29 20:39:11,208 [INFO] ThirdParty:1030 - CMSIS Pack Vendor :STMicroelectronics PDM2PCM 3.1.0
2023-05-29 20:39:11,208 [INFO] ThirdParty:1030 - CMSIS Pack Vendor :STMicroelectronics X-CUBE-AZRTOS-H7 3.1.0
2023-05-29 20:39:11,208 [INFO] ThirdParty:1030 - CMSIS Pack Vendor :STMicroelectronics X-CUBE-TOF1 3.3.0
2023-05-29 20:39:11,208 [INFO] ThirdParty:1030 - CMSIS Pack Vendor :STMicroelectronics PDM2PCM 3.2.0
2023-05-29 20:39:11,208 [INFO] ThirdParty:1030 - CMSIS Pack Vendor :STMicroelectronics PDM2PCM 3.3.0
2023-05-29 20:39:11,208 [INFO] ThirdParty:841 - exiting critical section [change project]
2023-05-29 20:39:11,393 [INFO] PinOutPanel:1499 - setPackage(No Configuration,No Configuration)
2023-05-29 20:39:11,393 [INFO] PinOutPanel:1499 - setPackage(STM32F407VGTx,LQFP100)
2023-05-29 20:39:11,538 [INFO] UtilMem:75 - Before build in PCC Used Memory: 332980928 Bytes (759169024)
2023-05-29 20:39:11,726 [INFO] UtilMem:75 - After build in PCC Used Memory: 379118272 Bytes (759169024)
2023-05-29 20:39:11,741 [INFO] IPUIPlugin:80 - create IPUIPlugin
2023-05-29 20:39:11,741 [INFO] IPUIPlugin:80 - create IPUIPlugin
2023-05-29 20:39:11,741 [INFO] IPUIPlugin:80 - create IPUIPlugin
2023-05-29 20:39:11,741 [INFO] IPUIPlugin:80 - create IPUIPlugin
2023-05-29 20:39:11,741 [INFO] IPUIPlugin:80 - create IPUIPlugin
2023-05-29 20:39:11,741 [INFO] IPUIPlugin:80 - create IPUIPlugin
2023-05-29 20:39:11,741 [INFO] IPUIPlugin:80 - create IPUIPlugin
2023-05-29 20:39:11,741 [INFO] IPUIPlugin:80 - create IPUIPlugin
2023-05-29 20:39:11,741 [INFO] IPUIPlugin:80 - create IPUIPlugin
2023-05-29 20:39:11,741 [INFO] IPUIPlugin:80 - create IPUIPlugin
2023-05-29 20:39:11,741 [INFO] IPUIPlugin:80 - create IPUIPlugin
2023-05-29 20:39:11,742 [INFO] IPUIPlugin:80 - create IPUIPlugin
2023-05-29 20:39:11,742 [INFO] IPUIPlugin:80 - create IPUIPlugin
2023-05-29 20:39:11,742 [INFO] IPUIPlugin:80 - create IPUIPlugin
2023-05-29 20:39:11,742 [INFO] IPUIPlugin:80 - create IPUIPlugin
2023-05-29 20:39:11,742 [INFO] IPUIPlugin:80 - create IPUIPlugin
2023-05-29 20:39:11,742 [INFO] IPUIPlugin:80 - create IPUIPlugin
2023-05-29 20:39:11,742 [INFO] IPUIPlugin:80 - create IPUIPlugin
2023-05-29 20:39:11,742 [INFO] IPUIPlugin:80 - create IPUIPlugin
2023-05-29 20:39:11,742 [INFO] IPUIPlugin:80 - create IPUIPlugin
2023-05-29 20:39:11,743 [INFO] IPUIPlugin:80 - create IPUIPlugin
2023-05-29 20:39:11,743 [INFO] IPUIPlugin:80 - create IPUIPlugin
2023-05-29 20:39:11,743 [INFO] IPUIPlugin:80 - create IPUIPlugin
2023-05-29 20:39:11,743 [INFO] IPUIPlugin:80 - create IPUIPlugin
2023-05-29 20:39:11,743 [INFO] IPUIPlugin:80 - create IPUIPlugin
2023-05-29 20:39:11,743 [INFO] IPUIPlugin:80 - create IPUIPlugin
2023-05-29 20:39:11,743 [INFO] IPUIPlugin:80 - create IPUIPlugin
2023-05-29 20:39:11,743 [INFO] IPUIPlugin:80 - create IPUIPlugin
2023-05-29 20:39:11,744 [INFO] IPUIPlugin:80 - create IPUIPlugin
2023-05-29 20:39:11,744 [INFO] IPUIPlugin:80 - create IPUIPlugin
2023-05-29 20:39:11,744 [INFO] IPUIPlugin:80 - create IPUIPlugin
2023-05-29 20:39:11,744 [INFO] IPUIPlugin:80 - create IPUIPlugin
2023-05-29 20:39:11,744 [INFO] IPUIPlugin:80 - create IPUIPlugin
2023-05-29 20:39:11,744 [INFO] IPUIPlugin:80 - create IPUIPlugin
2023-05-29 20:39:11,744 [INFO] IPUIPlugin:80 - create IPUIPlugin
2023-05-29 20:39:11,744 [INFO] IPUIPlugin:80 - create IPUIPlugin
2023-05-29 20:39:11,744 [INFO] IPUIPlugin:80 - create IPUIPlugin
2023-05-29 20:39:11,744 [INFO] IPUIPlugin:80 - create IPUIPlugin
2023-05-29 20:39:11,745 [INFO] IPUIPlugin:80 - create IPUIPlugin
2023-05-29 20:39:11,745 [INFO] IPUIPlugin:80 - create IPUIPlugin
2023-05-29 20:39:11,745 [INFO] IPUIPlugin:80 - create IPUIPlugin
2023-05-29 20:39:11,745 [INFO] IPUIPlugin:80 - create IPUIPlugin
2023-05-29 20:39:11,745 [INFO] IPUIPlugin:80 - create IPUIPlugin
2023-05-29 20:39:11,745 [INFO] IPUIPlugin:80 - create IPUIPlugin
2023-05-29 20:39:11,745 [INFO] IPUIPlugin:80 - create IPUIPlugin
2023-05-29 20:39:11,746 [INFO] IPUIPlugin:80 - create IPUIPlugin
2023-05-29 20:39:11,746 [INFO] IPUIPlugin:80 - create IPUIPlugin
2023-05-29 20:39:11,746 [INFO] IPUIPlugin:80 - create IPUIPlugin
2023-05-29 20:39:11,746 [INFO] IPUIPlugin:80 - create IPUIPlugin
2023-05-29 20:39:11,746 [INFO] IPUIPlugin:80 - create IPUIPlugin
2023-05-29 20:39:11,747 [INFO] IPUIPlugin:80 - create IPUIPlugin
2023-05-29 20:39:11,747 [INFO] IPUIPlugin:80 - create IPUIPlugin
2023-05-29 20:39:11,747 [INFO] IPUIPlugin:80 - create IPUIPlugin
2023-05-29 20:39:11,748 [INFO] IPUIPlugin:80 - create IPUIPlugin
2023-05-29 20:39:11,748 [INFO] IPUIPlugin:80 - create IPUIPlugin
2023-05-29 20:39:11,748 [INFO] IPUIPlugin:80 - create IPUIPlugin
2023-05-29 20:39:11,749 [INFO] IPUIPlugin:80 - create IPUIPlugin
2023-05-29 20:39:11,749 [INFO] IPUIPlugin:80 - create IPUIPlugin
2023-05-29 20:39:11,751 [INFO] ApiDbMcu:507 - Load IP Config File for PDM2PCM
2023-05-29 20:39:11,765 [INFO] CADModel:165 - CPN selected for project levelSTM32F407VGT6
2023-05-29 20:39:11,765 [INFO] CADModel:114 - Register for checkConnection events
2023-05-29 20:39:11,805 [INFO] OpenFileManager:328 - Restore cursor
2023-05-29 20:39:43,450 [INFO] UtilMem:75 - End SaveConfig() Used Memory: 628050584 Bytes (759169024)
2023-05-29 20:39:43,617 [INFO] UtilMem:75 - End SaveConfig() Used Memory: 658981528 Bytes (759169024)
2023-05-29 20:39:43,852 [INFO] BlockDiagram:2759 - set Specific Code input for plugin: SYS
2023-05-29 20:39:43,852 [INFO] BlockDiagram:2759 - set Specific Code input for plugin: RCC
2023-05-29 20:39:43,853 [INFO] BlockDiagram:2759 - set Specific Code input for plugin: NVIC
2023-05-29 20:39:43,853 [INFO] BlockDiagram:2759 - set Specific Code input for plugin: GPIO
2023-05-29 20:39:43,853 [INFO] CodeGenerator:793 - code generatio: config db path: /opt/st/stm32cubeide_1.12.1/plugins/com.st.stm32cube.common.mx_6.8.1.202304191431//db/
2023-05-29 20:39:43,994 [INFO] CodeEngine:255 - oldGeneratedFile, /home/desd/STM32CubeIDE/workspace_1.12.1/FreeRTOS_manual_3_2705/MXTmpFiles/license.tmp_save
2023-05-29 20:39:44,056 [INFO] CodeEngine:279 - Generated code: /home/desd/STM32CubeIDE/workspace_1.12.1/FreeRTOS_manual_3_2705/MXTmpFiles/license.tmp
2023-05-29 20:39:44,105 [INFO] CodeEngine:255 - oldGeneratedFile, /home/desd/STM32CubeIDE/workspace_1.12.1/FreeRTOS_manual_3_2705/MXTmpFiles/gpio.tmp_save
2023-05-29 20:39:44,149 [INFO] CodeEngine:279 - Generated code: /home/desd/STM32CubeIDE/workspace_1.12.1/FreeRTOS_manual_3_2705/MXTmpFiles/gpio.tmp
2023-05-29 20:39:44,157 [INFO] CodeEngine:255 - oldGeneratedFile, /home/desd/STM32CubeIDE/workspace_1.12.1/FreeRTOS_manual_3_2705/Core/Src/stm32f4xx_it.c_save
2023-05-29 20:39:44,256 [INFO] CodeEngine:279 - Generated code: /home/desd/STM32CubeIDE/workspace_1.12.1/FreeRTOS_manual_3_2705/Core/Src/stm32f4xx_it.c
2023-05-29 20:39:44,256 [INFO] CodeEngine:255 - oldGeneratedFile, /home/desd/STM32CubeIDE/workspace_1.12.1/FreeRTOS_manual_3_2705/Core/Inc/stm32f4xx_it.h_save
2023-05-29 20:39:44,293 [INFO] CodeEngine:279 - Generated code: /home/desd/STM32CubeIDE/workspace_1.12.1/FreeRTOS_manual_3_2705/Core/Inc/stm32f4xx_it.h
2023-05-29 20:39:44,295 [INFO] CodeEngine:255 - oldGeneratedFile, /home/desd/STM32CubeIDE/workspace_1.12.1/FreeRTOS_manual_3_2705/Core/Src/stm32f4xx_hal_msp.c_save
2023-05-29 20:39:44,354 [INFO] CodeEngine:279 - Generated code: /home/desd/STM32CubeIDE/workspace_1.12.1/FreeRTOS_manual_3_2705/Core/Src/stm32f4xx_hal_msp.c
2023-05-29 20:39:44,355 [INFO] CodeEngine:255 - oldGeneratedFile, /home/desd/STM32CubeIDE/workspace_1.12.1/FreeRTOS_manual_3_2705/MXTmpFiles/system.tmp_save
2023-05-29 20:39:44,393 [INFO] CodeEngine:279 - Generated code: /home/desd/STM32CubeIDE/workspace_1.12.1/FreeRTOS_manual_3_2705/MXTmpFiles/system.tmp
2023-05-29 20:39:44,393 [INFO] CodeEngine:255 - oldGeneratedFile, /home/desd/STM32CubeIDE/workspace_1.12.1/FreeRTOS_manual_3_2705/Core/Src/stm32f4xx_hal_timebase_tim.c_save
2023-05-29 20:39:44,434 [INFO] CodeEngine:279 - Generated code: /home/desd/STM32CubeIDE/workspace_1.12.1/FreeRTOS_manual_3_2705/Core/Src/stm32f4xx_hal_timebase_tim.c
2023-05-29 20:39:44,436 [INFO] CodeEngine:311 - oldGeneratedFile, /home/desd/STM32CubeIDE/workspace_1.12.1/FreeRTOS_manual_3_2705/Core/Inc/stm32f4xx_hal_conf.h_save
2023-05-29 20:39:44,478 [INFO] CodeEngine:335 - Generated code: /home/desd/STM32CubeIDE/workspace_1.12.1/FreeRTOS_manual_3_2705/Core/Inc/stm32f4xx_hal_conf.h
2023-05-29 20:39:44,500 [INFO] CodeEngine:255 - oldGeneratedFile, /home/desd/STM32CubeIDE/workspace_1.12.1/FreeRTOS_manual_3_2705/Core/Inc/main.h_save
2023-05-29 20:39:44,591 [INFO] CodeEngine:279 - Generated code: /home/desd/STM32CubeIDE/workspace_1.12.1/FreeRTOS_manual_3_2705/Core/Inc/main.h
2023-05-29 20:39:44,622 [INFO] CodeEngine:255 - oldGeneratedFile, /home/desd/STM32CubeIDE/workspace_1.12.1/FreeRTOS_manual_3_2705/Core/Src/main.c_save
2023-05-29 20:39:44,682 [INFO] CodeEngine:279 - Generated code: /home/desd/STM32CubeIDE/workspace_1.12.1/FreeRTOS_manual_3_2705/Core/Src/main.c
2023-05-29 20:39:45,191 [INFO] ProjectBuilder:2996 - Time for Copy HAL[1] : 56mS.
2023-05-29 20:39:45,192 [INFO] ProjectBuilder:4304 - Project Generator version: 3.19.2
2023-05-29 20:39:45,379 [INFO] ConfigFileManager:1483 - The Die is : DIE413
2023-05-29 20:39:45,389 [INFO] ApiDbMcu:507 - Load IP Config File for FATFS
2023-05-29 20:39:45,395 [INFO] ApiDbMcu:507 - Load IP Config File for FREERTOS
2023-05-29 20:39:45,401 [INFO] ApiDbMcu:507 - Load IP Config File for LIBJPEG
2023-05-29 20:39:45,408 [INFO] ApiDbMcu:507 - Load IP Config File for LWIP
2023-05-29 20:39:45,418 [INFO] ApiDbMcu:507 - Load IP Config File for MBEDTLS
2023-05-29 20:39:45,436 [INFO] ApiDbMcu:507 - Load IP Config File for USB_DEVICE
2023-05-29 20:39:45,443 [INFO] ApiDbMcu:507 - Load IP Config File for USB_HOST
2023-05-29 20:39:46,527 [INFO] ProjectBuilder:4505 - Time for Generating toolchain IDE Files: 1335mS.
2023-05-29 20:39:46,527 [INFO] ProjectBuilder:2867 - Time for Copy CMSIS : 0mS.
2023-05-29 20:39:46,528 [INFO] ProjectBuilder:2867 - Time for Copy CMSIS : 0mS.
2023-05-29 20:42:26,018 [INFO] UtilMem:75 - End SaveConfig() Used Memory: 320388208 Bytes (823132160)
2023-05-29 20:42:26,143 [INFO] BlockDiagram:2759 - set Specific Code input for plugin: SYS
2023-05-29 20:42:26,143 [INFO] BlockDiagram:2759 - set Specific Code input for plugin: RCC
2023-05-29 20:42:26,143 [INFO] BlockDiagram:2759 - set Specific Code input for plugin: NVIC
2023-05-29 20:42:26,143 [INFO] BlockDiagram:2759 - set Specific Code input for plugin: GPIO
2023-05-29 20:42:26,144 [INFO] CodeGenerator:793 - code generatio: config db path: /opt/st/stm32cubeide_1.12.1/plugins/com.st.stm32cube.common.mx_6.8.1.202304191431//db/
2023-05-29 20:42:26,249 [INFO] CodeEngine:255 - oldGeneratedFile, /home/desd/STM32CubeIDE/workspace_1.12.1/FreeRTOS_manual_3_2705/MXTmpFiles/license.tmp_save
2023-05-29 20:42:26,286 [INFO] CodeEngine:279 - Generated code: /home/desd/STM32CubeIDE/workspace_1.12.1/FreeRTOS_manual_3_2705/MXTmpFiles/license.tmp
2023-05-29 20:42:26,292 [INFO] CodeEngine:255 - oldGeneratedFile, /home/desd/STM32CubeIDE/workspace_1.12.1/FreeRTOS_manual_3_2705/MXTmpFiles/gpio.tmp_save
2023-05-29 20:42:26,341 [INFO] CodeEngine:279 - Generated code: /home/desd/STM32CubeIDE/workspace_1.12.1/FreeRTOS_manual_3_2705/MXTmpFiles/gpio.tmp
2023-05-29 20:42:26,348 [INFO] CodeEngine:255 - oldGeneratedFile, /home/desd/STM32CubeIDE/workspace_1.12.1/FreeRTOS_manual_3_2705/Core/Src/stm32f4xx_it.c_save
2023-05-29 20:42:26,396 [INFO] CodeEngine:279 - Generated code: /home/desd/STM32CubeIDE/workspace_1.12.1/FreeRTOS_manual_3_2705/Core/Src/stm32f4xx_it.c
2023-05-29 20:42:26,397 [INFO] CodeEngine:255 - oldGeneratedFile, /home/desd/STM32CubeIDE/workspace_1.12.1/FreeRTOS_manual_3_2705/Core/Inc/stm32f4xx_it.h_save
2023-05-29 20:42:26,437 [INFO] CodeEngine:279 - Generated code: /home/desd/STM32CubeIDE/workspace_1.12.1/FreeRTOS_manual_3_2705/Core/Inc/stm32f4xx_it.h
2023-05-29 20:42:26,438 [INFO] CodeEngine:255 - oldGeneratedFile, /home/desd/STM32CubeIDE/workspace_1.12.1/FreeRTOS_manual_3_2705/Core/Src/stm32f4xx_hal_msp.c_save
2023-05-29 20:42:26,494 [INFO] CodeEngine:279 - Generated code: /home/desd/STM32CubeIDE/workspace_1.12.1/FreeRTOS_manual_3_2705/Core/Src/stm32f4xx_hal_msp.c
2023-05-29 20:42:26,494 [INFO] CodeEngine:255 - oldGeneratedFile, /home/desd/STM32CubeIDE/workspace_1.12.1/FreeRTOS_manual_3_2705/MXTmpFiles/system.tmp_save
2023-05-29 20:42:26,532 [INFO] CodeEngine:279 - Generated code: /home/desd/STM32CubeIDE/workspace_1.12.1/FreeRTOS_manual_3_2705/MXTmpFiles/system.tmp
2023-05-29 20:42:26,533 [INFO] CodeEngine:255 - oldGeneratedFile, /home/desd/STM32CubeIDE/workspace_1.12.1/FreeRTOS_manual_3_2705/Core/Src/stm32f4xx_hal_timebase_tim.c_save
2023-05-29 20:42:26,577 [INFO] CodeEngine:279 - Generated code: /home/desd/STM32CubeIDE/workspace_1.12.1/FreeRTOS_manual_3_2705/Core/Src/stm32f4xx_hal_timebase_tim.c
2023-05-29 20:42:26,578 [INFO] CodeEngine:311 - oldGeneratedFile, /home/desd/STM32CubeIDE/workspace_1.12.1/FreeRTOS_manual_3_2705/Core/Inc/stm32f4xx_hal_conf.h_save
2023-05-29 20:42:26,623 [INFO] CodeEngine:335 - Generated code: /home/desd/STM32CubeIDE/workspace_1.12.1/FreeRTOS_manual_3_2705/Core/Inc/stm32f4xx_hal_conf.h
2023-05-29 20:42:26,632 [INFO] CodeEngine:255 - oldGeneratedFile, /home/desd/STM32CubeIDE/workspace_1.12.1/FreeRTOS_manual_3_2705/Core/Inc/main.h_save
2023-05-29 20:42:26,675 [INFO] CodeEngine:279 - Generated code: /home/desd/STM32CubeIDE/workspace_1.12.1/FreeRTOS_manual_3_2705/Core/Inc/main.h
2023-05-29 20:42:26,675 [INFO] CodeEngine:255 - oldGeneratedFile, /home/desd/STM32CubeIDE/workspace_1.12.1/FreeRTOS_manual_3_2705/Core/Src/main.c_save
2023-05-29 20:42:26,733 [INFO] CodeEngine:279 - Generated code: /home/desd/STM32CubeIDE/workspace_1.12.1/FreeRTOS_manual_3_2705/Core/Src/main.c
2023-05-29 20:42:27,241 [INFO] ProjectBuilder:2996 - Time for Copy HAL[1] : 15mS.
2023-05-29 20:42:27,242 [INFO] ProjectBuilder:4304 - Project Generator version: 3.19.2
2023-05-29 20:42:27,467 [INFO] ConfigFileManager:1483 - The Die is : DIE413
2023-05-29 20:42:28,328 [INFO] ProjectBuilder:4505 - Time for Generating toolchain IDE Files: 1086mS.
2023-05-29 20:42:28,329 [INFO] ProjectBuilder:2867 - Time for Copy CMSIS : 0mS.
2023-05-29 20:42:28,329 [INFO] ProjectBuilder:2867 - Time for Copy CMSIS : 0mS.
