2023-05-28 00:14:52,772 [INFO] MainUpdater:2854 - connection check result : 10
2023-05-28 00:14:52,895 [INFO] McuFinderGlobals:66 - Set McuFinderConnectedMode to true
2023-05-28 00:14:52,895 [INFO] MultiScanPanel:200 - Auto-refresh data requested => check proxy status ongoing
2023-05-28 00:14:52,895 [INFO] FinderPluginLoader:95 - Searching for filters in installed packs
2023-05-28 00:14:53,418 [INFO] LoadUrlFilesThread:185 - End of LoadServerUrlFiles without Thread
2023-05-28 00:14:53,418 [INFO] DetailPanel:341 - Set advertising image to /home/desd/STM32Cube/Repository//en.prom-stm32h5-mcu-finder.jpg
2023-05-28 00:15:04,704 [INFO] MainUpdater:2854 - connection check result : 10
2023-05-28 00:15:04,704 [INFO] MainUpdater:2854 - connection check result : 10
2023-05-28 00:15:04,721 [INFO] MicroXplorer:468 - Change Database Path : 
2023-05-28 00:15:04,721 [INFO] MicroXplorer:498 - Change Database Version : DB.6.0.81
2023-05-28 00:15:04,732 [WARN] ThirdParty:871 - waiting for thirdparty lock release [close project]
2023-05-28 00:15:04,732 [INFO] ThirdParty:873 - entering critical section [close project]
2023-05-28 00:15:04,733 [INFO] ThirdParty:883 - exiting critical section [close project]
2023-05-28 00:15:04,734 [INFO] PinOutPanel:1499 - setPackage(No Configuration,No Configuration)
2023-05-28 00:15:04,738 [WARN] IpParametersView:150 - Warning: This peripheral hasn't parameters
2023-05-28 00:15:04,741 [WARN] MainPanel:257 - <html><b><center>Warning: This peripheral has no parameters to be configured<br></b></html>
2023-05-28 00:15:04,744 [INFO] UtilMem:75 - Begin LoadConfig() Used Memory: 439749552 Bytes (967835648)
2023-05-28 00:15:04,744 [INFO] MicroXplorer:468 - Change Database Path : 
2023-05-28 00:15:04,744 [INFO] MicroXplorer:498 - Change Database Version : DB.6.0.81
2023-05-28 00:15:04,744 [INFO] OpenFileManager:308 - Change cursor
2023-05-28 00:15:04,754 [INFO] RulesReader:64 - Compatibility file has been processed (293 Rules)
2023-05-28 00:15:04,757 [INFO] Mcu:1937 - Initializing MCU STM32F407VGTx STM32F407VGTx 
2023-05-28 00:15:04,757 [INFO] Mcu:1950 - No CPN specified => set CPN to STM32F407VGT6
2023-05-28 00:15:05,533 [INFO] Context:659 - Trying to add GPIOservice into a context  which must be forbidden
2023-05-28 00:15:05,733 [INFO] ImportTextPane:194 - (OptionalMessage_ERROR) Unable to find key (Mcu.ThirdPartyNb) in loaded IOC file
2023-05-28 00:15:05,733 [INFO] ImportTextPane:194 - (OptionalMessage_ERROR) Unable to find key (Mcu.PinsNb) in loaded IOC file
2023-05-28 00:15:05,733 [INFO] ImportTextPane:194 - (OptionalMessage_ERROR) Unable to find key (Mcu.IPNb) in loaded IOC file
2023-05-28 00:15:05,749 [WARN] ModelIntegratedComponent:63 - No mode defined for component null
2023-05-28 00:15:05,749 [WARN] ModelIntegratedComponent:63 - No mode defined for component null
2023-05-28 00:15:05,749 [WARN] ModelIntegratedComponent:63 - No mode defined for component null
2023-05-28 00:15:05,749 [WARN] ModelIntegratedComponent:63 - No mode defined for component null
2023-05-28 00:15:05,749 [WARN] ModelIntegratedComponent:63 - No mode defined for component null
2023-05-28 00:15:05,749 [WARN] ModelIntegratedComponent:63 - No mode defined for component null
2023-05-28 00:15:05,749 [WARN] ModelIntegratedComponent:63 - No mode defined for component null
2023-05-28 00:15:05,749 [WARN] ModelIntegratedComponent:63 - No mode defined for component null
2023-05-28 00:15:05,749 [WARN] ModelIntegratedComponent:63 - No mode defined for component null
2023-05-28 00:15:05,749 [WARN] ModelIntegratedComponent:63 - No mode defined for component null
2023-05-28 00:15:05,749 [WARN] ModelIntegratedComponent:63 - No mode defined for component null
2023-05-28 00:15:05,749 [WARN] ModelIntegratedComponent:63 - No mode defined for component null
2023-05-28 00:15:05,750 [WARN] ModelIntegratedComponent:63 - No mode defined for component null
2023-05-28 00:15:05,750 [WARN] ModelIntegratedComponent:63 - No mode defined for component null
2023-05-28 00:15:05,750 [WARN] ModelIntegratedComponent:63 - No mode defined for component null
2023-05-28 00:15:05,750 [WARN] ModelIntegratedComponent:63 - No mode defined for component null
2023-05-28 00:15:05,750 [WARN] ModelIntegratedComponent:63 - No mode defined for component null
2023-05-28 00:15:05,750 [WARN] ModelIntegratedComponent:63 - No mode defined for component null
2023-05-28 00:15:05,750 [WARN] ModelIntegratedComponent:63 - No mode defined for component null
2023-05-28 00:15:05,750 [WARN] ModelIntegratedComponent:63 - No mode defined for component null
2023-05-28 00:15:05,750 [WARN] ModelIntegratedComponent:63 - No mode defined for component null
2023-05-28 00:15:05,750 [WARN] ModelIntegratedComponent:63 - No mode defined for component null
2023-05-28 00:15:05,750 [WARN] ModelIntegratedComponent:63 - No mode defined for component null
2023-05-28 00:15:05,750 [WARN] ModelIntegratedComponent:63 - No mode defined for component null
2023-05-28 00:15:05,750 [WARN] ModelIntegratedComponent:63 - No mode defined for component null
2023-05-28 00:15:05,750 [WARN] ModelIntegratedComponent:63 - No mode defined for component null
2023-05-28 00:15:05,750 [WARN] ModelIntegratedComponent:63 - No mode defined for component null
2023-05-28 00:15:05,750 [WARN] ModelIntegratedComponent:63 - No mode defined for component null
2023-05-28 00:15:05,750 [WARN] ModelIntegratedComponent:63 - No mode defined for component null
2023-05-28 00:15:05,750 [WARN] ModelIntegratedComponent:63 - No mode defined for component null
2023-05-28 00:15:05,750 [WARN] ModelIntegratedComponent:63 - No mode defined for component null
2023-05-28 00:15:05,750 [WARN] ModelIntegratedComponent:63 - No mode defined for component null
2023-05-28 00:15:05,750 [WARN] ModelIntegratedComponent:63 - No mode defined for component null
2023-05-28 00:15:05,754 [INFO] RtosManager:555 - Registered RTOS mode: class=CMSIS, group=RTOS, mode=CMSIS_V1, owner=FREERTOS
2023-05-28 00:15:05,754 [INFO] RtosManager:555 - Registered RTOS mode: class=CMSIS, group=RTOS2, mode=CMSIS_V2, owner=FREERTOS
2023-05-28 00:15:05,754 [INFO] RtosManager:555 - Registered RTOS mode: class=RTOS, group=Core, mode=CMSIS_V1, owner=FREERTOS
2023-05-28 00:15:05,754 [INFO] RtosManager:555 - Registered RTOS mode: class=RTOS, group=Core, mode=CMSIS_V2, owner=FREERTOS
2023-05-28 00:15:05,754 [WARN] ModelIntegratedComponent:184 - Missing modes for component STMicroelectronics:FreeRTOS:0.0.1:STMicroelectronics:RTOS:FreeRTOS:Core:::10.2.0:
2023-05-28 00:15:05,762 [INFO] ThirdPartyModel:298 - Start build external matchings
2023-05-28 00:15:05,811 [INFO] ThirdPartyModel:316 - End build external matchings
2023-05-28 00:15:05,931 [INFO] UtilMem:75 - End LoadConfig() Used Memory: 310357528 Bytes (967835648)
2023-05-28 00:15:05,938 [WARN] ThirdParty:833 - waiting for thirdparty lock release [change project]
2023-05-28 00:15:05,938 [INFO] ThirdParty:835 - entering critical section [change project]
2023-05-28 00:15:05,938 [INFO] ThirdParty:1030 - CMSIS Pack Vendor :STMicroelectronics X-CUBE-ISPU 1.1.0
2023-05-28 00:15:05,938 [INFO] ThirdParty:1030 - CMSIS Pack Vendor :STMicroelectronics X-CUBE-DISPLAY 3.0.0
2023-05-28 00:15:05,938 [INFO] ThirdParty:1030 - CMSIS Pack Vendor :STMicroelectronics X-CUBE-GNSS1 6.0.0
2023-05-28 00:15:05,938 [INFO] ThirdParty:1030 - CMSIS Pack Vendor :STMicroelectronics USB_HOST 2.0.0
2023-05-28 00:15:05,938 [INFO] ThirdParty:1030 - CMSIS Pack Vendor :STMicroelectronics X-CUBE-AZRTOS-F4 1.1.0
2023-05-28 00:15:05,938 [INFO] ThirdParty:1030 - CMSIS Pack Vendor :STMicroelectronics LIBJPEG 8.0.0
2023-05-28 00:15:05,938 [INFO] ThirdParty:1030 - CMSIS Pack Vendor :STMicroelectronics FP-ATR-SIGFOX1 3.2.0
2023-05-28 00:15:05,938 [INFO] ThirdParty:1030 - CMSIS Pack Vendor :STMicroelectronics X-CUBE-SMBUS 2.1.0
2023-05-28 00:15:05,938 [INFO] ThirdParty:1030 - CMSIS Pack Vendor :STMicroelectronics USB_DEVICE 3.0.0
2023-05-28 00:15:05,938 [INFO] ThirdParty:1030 - CMSIS Pack Vendor :STMicroelectronics HAL Drivers 0.0.0
2023-05-28 00:15:05,938 [INFO] ThirdParty:1030 - CMSIS Pack Vendor :STMicroelectronics MBEDTLS 2.16.2
2023-05-28 00:15:05,938 [INFO] ThirdParty:1030 - CMSIS Pack Vendor :STMicroelectronics X-CUBE-FREERTOS 1.0.1
2023-05-28 00:15:05,938 [INFO] ThirdParty:1030 - CMSIS Pack Vendor :STMicroelectronics MBEDTLS 2.14.1
2023-05-28 00:15:05,938 [INFO] ThirdParty:1030 - CMSIS Pack Vendor :STMicroelectronics X-CUBE-NFC7 1.0.0
2023-05-28 00:15:05,938 [INFO] ThirdParty:1030 - CMSIS Pack Vendor :STMicroelectronics X-CUBE-AZRTOS-WL 1.0.0
2023-05-28 00:15:05,938 [INFO] ThirdParty:1030 - CMSIS Pack Vendor :STMicroelectronics X-CUBE-AZRTOS-F7 1.1.0
2023-05-28 00:15:05,939 [INFO] ThirdParty:1030 - CMSIS Pack Vendor :STMicroelectronics X-CUBE-EEPRMA1 4.1.0
2023-05-28 00:15:05,939 [INFO] ThirdParty:1030 - CMSIS Pack Vendor :STMicroelectronics X-CUBE-ALS 1.0.1
2023-05-28 00:15:05,939 [INFO] ThirdParty:1030 - CMSIS Pack Vendor :STMicroelectronics USB_DEVICE 2.0.0
2023-05-28 00:15:05,939 [INFO] ThirdParty:1030 - CMSIS Pack Vendor :STMicroelectronics ThreadX 1.0.0
2023-05-28 00:15:05,939 [INFO] ThirdParty:1030 - CMSIS Pack Vendor :STMicroelectronics X-CUBE-AZRTOS-WB 1.1.0
2023-05-28 00:15:05,939 [INFO] ThirdParty:1030 - CMSIS Pack Vendor :STMicroelectronics X-CUBE-ALGOBUILD 1.3.0
2023-05-28 00:15:05,939 [INFO] ThirdParty:1030 - CMSIS Pack Vendor :SEGGER I-CUBE-embOS 1.3.1
2023-05-28 00:15:05,939 [INFO] ThirdParty:1030 - CMSIS Pack Vendor :STMicroelectronics X-CUBE-BLE1 6.2.4
2023-05-28 00:15:05,939 [INFO] ThirdParty:1030 - CMSIS Pack Vendor :STMicroelectronics X-CUBE-AZRTOS-L5 1.1.0
2023-05-28 00:15:05,939 [INFO] ThirdParty:1030 - CMSIS Pack Vendor :STMicroelectronics FreeRTOS 0.0.1
2023-05-28 00:15:05,939 [INFO] ThirdParty:1030 - CMSIS Pack Vendor :STMicroelectronics X-CUBE-AZRTOS-G0 1.1.0
2023-05-28 00:15:05,939 [INFO] ThirdParty:1030 - CMSIS Pack Vendor :STMicroelectronics USB_DEVICE 1.0.0
2023-05-28 00:15:05,939 [INFO] ThirdParty:1030 - CMSIS Pack Vendor :STMicroelectronics X-CUBE-BLEMGR 2.0.0
2023-05-28 00:15:05,939 [INFO] ThirdParty:1030 - CMSIS Pack Vendor :STMicroelectronics X-CUBE-SUBG2 5.0.0
2023-05-28 00:15:05,939 [INFO] ThirdParty:1030 - CMSIS Pack Vendor :STMicroelectronics X-CUBE-NFC4 3.0.0
2023-05-28 00:15:05,939 [INFO] ThirdParty:1030 - CMSIS Pack Vendor :STMicroelectronics STM32_WPAN 1.0.0
2023-05-28 00:15:05,939 [INFO] ThirdParty:1030 - CMSIS Pack Vendor :STMicroelectronics ThreadX 0.0.2
2023-05-28 00:15:05,939 [INFO] ThirdParty:1030 - CMSIS Pack Vendor :STMicroelectronics FP-ATR-ASTRA1 2.0.0
2023-05-28 00:15:05,939 [INFO] ThirdParty:1030 - CMSIS Pack Vendor :STMicroelectronics lwIP 2.1.2
2023-05-28 00:15:05,939 [INFO] ThirdParty:1030 - CMSIS Pack Vendor :STMicroelectronics lwIP 2.0.3
2023-05-28 00:15:05,939 [INFO] ThirdParty:1030 - CMSIS Pack Vendor :STMicroelectronics X-CUBE-SFXS2LP1 4.0.0
2023-05-28 00:15:05,939 [INFO] ThirdParty:1030 - CMSIS Pack Vendor :STMicroelectronics X-CUBE-BLE2 3.3.0
2023-05-28 00:15:05,939 [INFO] ThirdParty:1030 - CMSIS Pack Vendor :STMicroelectronics USB_HOST 1.0.0
2023-05-28 00:15:05,939 [INFO] ThirdParty:1030 - CMSIS Pack Vendor :STMicroelectronics PDM2PCM 3.1.0
2023-05-28 00:15:05,939 [INFO] ThirdParty:1030 - CMSIS Pack Vendor :STMicroelectronics X-CUBE-AZRTOS-H7 3.1.0
2023-05-28 00:15:05,939 [INFO] ThirdParty:1030 - CMSIS Pack Vendor :STMicroelectronics X-CUBE-TOF1 3.3.0
2023-05-28 00:15:05,939 [INFO] ThirdParty:1030 - CMSIS Pack Vendor :STMicroelectronics PDM2PCM 3.2.0
2023-05-28 00:15:05,939 [INFO] ThirdParty:1030 - CMSIS Pack Vendor :STMicroelectronics PDM2PCM 3.3.0
2023-05-28 00:15:05,940 [INFO] ThirdParty:841 - exiting critical section [change project]
2023-05-28 00:15:06,127 [INFO] PinOutPanel:1499 - setPackage(No Configuration,No Configuration)
2023-05-28 00:15:06,127 [INFO] PinOutPanel:1499 - setPackage(STM32F407VGTx,LQFP100)
2023-05-28 00:15:06,308 [INFO] UtilMem:75 - Before build in PCC Used Memory: 293772088 Bytes (967835648)
2023-05-28 00:15:06,493 [INFO] UtilMem:75 - After build in PCC Used Memory: 339909432 Bytes (967835648)
2023-05-28 00:15:06,516 [INFO] IPUIPlugin:80 - create IPUIPlugin
2023-05-28 00:15:06,516 [INFO] IPUIPlugin:80 - create IPUIPlugin
2023-05-28 00:15:06,516 [INFO] IPUIPlugin:80 - create IPUIPlugin
2023-05-28 00:15:06,516 [INFO] IPUIPlugin:80 - create IPUIPlugin
2023-05-28 00:15:06,516 [INFO] IPUIPlugin:80 - create IPUIPlugin
2023-05-28 00:15:06,517 [INFO] IPUIPlugin:80 - create IPUIPlugin
2023-05-28 00:15:06,517 [INFO] IPUIPlugin:80 - create IPUIPlugin
2023-05-28 00:15:06,517 [INFO] IPUIPlugin:80 - create IPUIPlugin
2023-05-28 00:15:06,517 [INFO] IPUIPlugin:80 - create IPUIPlugin
2023-05-28 00:15:06,517 [INFO] IPUIPlugin:80 - create IPUIPlugin
2023-05-28 00:15:06,517 [INFO] IPUIPlugin:80 - create IPUIPlugin
2023-05-28 00:15:06,517 [INFO] IPUIPlugin:80 - create IPUIPlugin
2023-05-28 00:15:06,518 [INFO] IPUIPlugin:80 - create IPUIPlugin
2023-05-28 00:15:06,518 [INFO] IPUIPlugin:80 - create IPUIPlugin
2023-05-28 00:15:06,518 [INFO] IPUIPlugin:80 - create IPUIPlugin
2023-05-28 00:15:06,518 [INFO] IPUIPlugin:80 - create IPUIPlugin
2023-05-28 00:15:06,518 [INFO] IPUIPlugin:80 - create IPUIPlugin
2023-05-28 00:15:06,518 [INFO] IPUIPlugin:80 - create IPUIPlugin
2023-05-28 00:15:06,519 [INFO] IPUIPlugin:80 - create IPUIPlugin
2023-05-28 00:15:06,519 [INFO] IPUIPlugin:80 - create IPUIPlugin
2023-05-28 00:15:06,519 [INFO] IPUIPlugin:80 - create IPUIPlugin
2023-05-28 00:15:06,519 [INFO] IPUIPlugin:80 - create IPUIPlugin
2023-05-28 00:15:06,519 [INFO] IPUIPlugin:80 - create IPUIPlugin
2023-05-28 00:15:06,520 [INFO] IPUIPlugin:80 - create IPUIPlugin
2023-05-28 00:15:06,520 [INFO] IPUIPlugin:80 - create IPUIPlugin
2023-05-28 00:15:06,520 [INFO] IPUIPlugin:80 - create IPUIPlugin
2023-05-28 00:15:06,520 [INFO] IPUIPlugin:80 - create IPUIPlugin
2023-05-28 00:15:06,520 [INFO] IPUIPlugin:80 - create IPUIPlugin
2023-05-28 00:15:06,521 [INFO] IPUIPlugin:80 - create IPUIPlugin
2023-05-28 00:15:06,521 [INFO] IPUIPlugin:80 - create IPUIPlugin
2023-05-28 00:15:06,521 [INFO] IPUIPlugin:80 - create IPUIPlugin
2023-05-28 00:15:06,521 [INFO] IPUIPlugin:80 - create IPUIPlugin
2023-05-28 00:15:06,522 [INFO] IPUIPlugin:80 - create IPUIPlugin
2023-05-28 00:15:06,522 [INFO] IPUIPlugin:80 - create IPUIPlugin
2023-05-28 00:15:06,522 [INFO] IPUIPlugin:80 - create IPUIPlugin
2023-05-28 00:15:06,522 [INFO] IPUIPlugin:80 - create IPUIPlugin
2023-05-28 00:15:06,522 [INFO] IPUIPlugin:80 - create IPUIPlugin
2023-05-28 00:15:06,522 [INFO] IPUIPlugin:80 - create IPUIPlugin
2023-05-28 00:15:06,522 [INFO] IPUIPlugin:80 - create IPUIPlugin
2023-05-28 00:15:06,523 [INFO] IPUIPlugin:80 - create IPUIPlugin
2023-05-28 00:15:06,523 [INFO] IPUIPlugin:80 - create IPUIPlugin
2023-05-28 00:15:06,523 [INFO] IPUIPlugin:80 - create IPUIPlugin
2023-05-28 00:15:06,523 [INFO] IPUIPlugin:80 - create IPUIPlugin
2023-05-28 00:15:06,523 [INFO] IPUIPlugin:80 - create IPUIPlugin
2023-05-28 00:15:06,524 [INFO] IPUIPlugin:80 - create IPUIPlugin
2023-05-28 00:15:06,524 [INFO] IPUIPlugin:80 - create IPUIPlugin
2023-05-28 00:15:06,524 [INFO] IPUIPlugin:80 - create IPUIPlugin
2023-05-28 00:15:06,524 [INFO] IPUIPlugin:80 - create IPUIPlugin
2023-05-28 00:15:06,525 [INFO] IPUIPlugin:80 - create IPUIPlugin
2023-05-28 00:15:06,525 [INFO] IPUIPlugin:80 - create IPUIPlugin
2023-05-28 00:15:06,525 [INFO] IPUIPlugin:80 - create IPUIPlugin
2023-05-28 00:15:06,526 [INFO] IPUIPlugin:80 - create IPUIPlugin
2023-05-28 00:15:06,526 [INFO] IPUIPlugin:80 - create IPUIPlugin
2023-05-28 00:15:06,526 [INFO] IPUIPlugin:80 - create IPUIPlugin
2023-05-28 00:15:06,527 [INFO] IPUIPlugin:80 - create IPUIPlugin
2023-05-28 00:15:06,528 [INFO] IPUIPlugin:80 - create IPUIPlugin
2023-05-28 00:15:06,528 [INFO] IPUIPlugin:80 - create IPUIPlugin
2023-05-28 00:15:06,529 [INFO] IPUIPlugin:80 - create IPUIPlugin
2023-05-28 00:15:06,530 [INFO] ApiDbMcu:507 - Load IP Config File for PDM2PCM
2023-05-28 00:15:06,543 [INFO] CADModel:165 - CPN selected for project levelSTM32F407VGT6
2023-05-28 00:15:06,543 [INFO] CADModel:114 - Register for checkConnection events
2023-05-28 00:15:06,580 [INFO] OpenFileManager:328 - Restore cursor
2023-05-28 00:15:06,838 [INFO] UtilMem:75 - End SaveConfig() Used Memory: 434281272 Bytes (967835648)
2023-05-28 00:15:06,869 [INFO] UtilMem:75 - End SaveConfig() Used Memory: 457682072 Bytes (967835648)
2023-05-28 00:15:07,007 [INFO] BlockDiagram:2759 - set Specific Code input for plugin: RCC
2023-05-28 00:15:07,007 [INFO] BlockDiagram:2759 - set Specific Code input for plugin: NVIC
2023-05-28 00:15:07,007 [INFO] CodeGenerator:793 - code generatio: config db path: /opt/st/stm32cubeide_1.12.1/plugins/com.st.stm32cube.common.mx_6.8.1.202304191431//db/
2023-05-28 00:15:07,116 [INFO] CodeEngine:255 - oldGeneratedFile, /home/desd/STM32CubeIDE/workspace_1.12.1/TRY/MXTmpFiles/license.tmp_save
2023-05-28 00:15:07,169 [INFO] CodeEngine:279 - Generated code: /home/desd/STM32CubeIDE/workspace_1.12.1/TRY/MXTmpFiles/license.tmp
2023-05-28 00:15:07,171 [INFO] CodeEngine:255 - oldGeneratedFile, /home/desd/STM32CubeIDE/workspace_1.12.1/TRY/Core/Src/stm32f4xx_it.c_save
2023-05-28 00:15:07,272 [INFO] CodeEngine:279 - Generated code: /home/desd/STM32CubeIDE/workspace_1.12.1/TRY/Core/Src/stm32f4xx_it.c
2023-05-28 00:15:07,273 [INFO] CodeEngine:255 - oldGeneratedFile, /home/desd/STM32CubeIDE/workspace_1.12.1/TRY/Core/Inc/stm32f4xx_it.h_save
2023-05-28 00:15:07,313 [INFO] CodeEngine:279 - Generated code: /home/desd/STM32CubeIDE/workspace_1.12.1/TRY/Core/Inc/stm32f4xx_it.h
2023-05-28 00:15:07,331 [INFO] CodeEngine:255 - oldGeneratedFile, /home/desd/STM32CubeIDE/workspace_1.12.1/TRY/Core/Src/stm32f4xx_hal_msp.c_save
2023-05-28 00:15:07,388 [INFO] CodeEngine:279 - Generated code: /home/desd/STM32CubeIDE/workspace_1.12.1/TRY/Core/Src/stm32f4xx_hal_msp.c
2023-05-28 00:15:07,389 [INFO] CodeEngine:255 - oldGeneratedFile, /home/desd/STM32CubeIDE/workspace_1.12.1/TRY/MXTmpFiles/system.tmp_save
2023-05-28 00:15:07,433 [INFO] CodeEngine:279 - Generated code: /home/desd/STM32CubeIDE/workspace_1.12.1/TRY/MXTmpFiles/system.tmp
2023-05-28 00:15:07,434 [INFO] CodeEngine:311 - oldGeneratedFile, /home/desd/STM32CubeIDE/workspace_1.12.1/TRY/Core/Inc/stm32f4xx_hal_conf.h_save
2023-05-28 00:15:07,476 [INFO] CodeEngine:335 - Generated code: /home/desd/STM32CubeIDE/workspace_1.12.1/TRY/Core/Inc/stm32f4xx_hal_conf.h
2023-05-28 00:15:07,485 [INFO] CodeEngine:255 - oldGeneratedFile, /home/desd/STM32CubeIDE/workspace_1.12.1/TRY/Core/Inc/main.h_save
2023-05-28 00:15:07,540 [INFO] CodeEngine:279 - Generated code: /home/desd/STM32CubeIDE/workspace_1.12.1/TRY/Core/Inc/main.h
2023-05-28 00:15:07,540 [INFO] CodeEngine:255 - oldGeneratedFile, /home/desd/STM32CubeIDE/workspace_1.12.1/TRY/Core/Src/main.c_save
2023-05-28 00:15:07,664 [INFO] CodeEngine:279 - Generated code: /home/desd/STM32CubeIDE/workspace_1.12.1/TRY/Core/Src/main.c
2023-05-28 00:15:08,059 [INFO] ProjectBuilder:2996 - Time for Copy HAL[1] : 13mS.
2023-05-28 00:15:08,059 [INFO] ProjectBuilder:4304 - Project Generator version: 3.19.2
2023-05-28 00:15:08,248 [INFO] ConfigFileManager:1483 - The Die is : DIE413
2023-05-28 00:15:08,250 [INFO] ApiDbMcu:507 - Load IP Config File for FATFS
2023-05-28 00:15:08,252 [INFO] ApiDbMcu:507 - Load IP Config File for FREERTOS
2023-05-28 00:15:08,253 [INFO] ApiDbMcu:507 - Load IP Config File for LIBJPEG
2023-05-28 00:15:08,256 [INFO] ApiDbMcu:507 - Load IP Config File for LWIP
2023-05-28 00:15:08,259 [INFO] ApiDbMcu:507 - Load IP Config File for MBEDTLS
2023-05-28 00:15:08,264 [INFO] ApiDbMcu:507 - Load IP Config File for USB_DEVICE
2023-05-28 00:15:08,265 [INFO] ApiDbMcu:507 - Load IP Config File for USB_HOST
2023-05-28 00:15:11,632 [INFO] ProjectBuilder:4505 - Time for Generating toolchain IDE Files: 3573mS.
2023-05-28 00:15:11,632 [INFO] ProjectBuilder:2867 - Time for Copy CMSIS : 0mS.
2023-05-28 00:15:11,633 [INFO] ProjectBuilder:2867 - Time for Copy CMSIS : 0mS.
2023-05-28 00:15:12,009 [INFO] McuFinderGlobals:66 - Set McuFinderConnectedMode to true
2023-05-28 00:15:12,010 [INFO] ApiDb:448 - Save user favorites file /home/desd/.stm32cubeide/favorites.mcus.txt: 1 item(s)
2023-05-28 00:15:12,010 [INFO] ApiDb:452 - User favorites MCUs=[STM32F407VGT6]
2023-05-28 00:15:39,940 [INFO] MainUpdater:2854 - connection check result : 10
2023-05-28 00:15:40,019 [INFO] McuFinderGlobals:66 - Set McuFinderConnectedMode to true
2023-05-28 00:15:40,020 [INFO] MultiScanPanel:200 - Auto-refresh data requested => check proxy status ongoing
2023-05-28 00:15:40,020 [INFO] FinderPluginLoader:95 - Searching for filters in installed packs
2023-05-28 00:15:40,500 [INFO] LoadUrlFilesThread:185 - End of LoadServerUrlFiles without Thread
2023-05-28 00:15:40,500 [INFO] DetailPanel:341 - Set advertising image to /home/desd/STM32Cube/Repository//en.prom-stm32h5-mcu-finder.jpg
2023-05-28 00:15:44,828 [INFO] McuFinderGlobals:66 - Set McuFinderConnectedMode to true
2023-05-28 00:15:44,888 [INFO] ApiDb:448 - Save user favorites file /home/desd/.stm32cubeide/favorites.mcus.txt: 1 item(s)
2023-05-28 00:15:44,888 [INFO] ApiDb:452 - User favorites MCUs=[STM32F407VGT6]
2023-05-28 00:31:19,046 [INFO] UtilMem:75 - End SaveConfig() Used Memory: 419763544 Bytes (730857472)
2023-05-28 00:31:19,228 [INFO] UtilMem:75 - End SaveConfig() Used Memory: 450174296 Bytes (730857472)
2023-05-28 00:31:19,390 [INFO] BlockDiagram:2759 - set Specific Code input for plugin: RCC
2023-05-28 00:31:19,390 [INFO] BlockDiagram:2759 - set Specific Code input for plugin: NVIC
2023-05-28 00:31:19,390 [INFO] BlockDiagram:2759 - set Specific Code input for plugin: GPIO
2023-05-28 00:31:19,391 [INFO] CodeGenerator:793 - code generatio: config db path: /opt/st/stm32cubeide_1.12.1/plugins/com.st.stm32cube.common.mx_6.8.1.202304191431//db/
2023-05-28 00:31:19,562 [INFO] CodeEngine:255 - oldGeneratedFile, /home/desd/STM32CubeIDE/workspace_1.12.1/TRY/MXTmpFiles/license.tmp_save
2023-05-28 00:31:19,618 [INFO] CodeEngine:279 - Generated code: /home/desd/STM32CubeIDE/workspace_1.12.1/TRY/MXTmpFiles/license.tmp
2023-05-28 00:31:19,629 [INFO] CodeEngine:255 - oldGeneratedFile, /home/desd/STM32CubeIDE/workspace_1.12.1/TRY/MXTmpFiles/gpio.tmp_save
2023-05-28 00:31:19,682 [INFO] CodeEngine:279 - Generated code: /home/desd/STM32CubeIDE/workspace_1.12.1/TRY/MXTmpFiles/gpio.tmp
2023-05-28 00:31:19,684 [INFO] CodeEngine:255 - oldGeneratedFile, /home/desd/STM32CubeIDE/workspace_1.12.1/TRY/Core/Src/stm32f4xx_it.c_save
2023-05-28 00:31:19,792 [INFO] CodeEngine:279 - Generated code: /home/desd/STM32CubeIDE/workspace_1.12.1/TRY/Core/Src/stm32f4xx_it.c
2023-05-28 00:31:19,793 [INFO] CodeEngine:255 - oldGeneratedFile, /home/desd/STM32CubeIDE/workspace_1.12.1/TRY/Core/Inc/stm32f4xx_it.h_save
2023-05-28 00:31:19,833 [INFO] CodeEngine:279 - Generated code: /home/desd/STM32CubeIDE/workspace_1.12.1/TRY/Core/Inc/stm32f4xx_it.h
2023-05-28 00:31:19,839 [INFO] CodeEngine:255 - oldGeneratedFile, /home/desd/STM32CubeIDE/workspace_1.12.1/TRY/Core/Src/stm32f4xx_hal_msp.c_save
2023-05-28 00:31:19,898 [INFO] CodeEngine:279 - Generated code: /home/desd/STM32CubeIDE/workspace_1.12.1/TRY/Core/Src/stm32f4xx_hal_msp.c
2023-05-28 00:31:19,898 [INFO] CodeEngine:255 - oldGeneratedFile, /home/desd/STM32CubeIDE/workspace_1.12.1/TRY/MXTmpFiles/system.tmp_save
2023-05-28 00:31:19,937 [INFO] CodeEngine:279 - Generated code: /home/desd/STM32CubeIDE/workspace_1.12.1/TRY/MXTmpFiles/system.tmp
2023-05-28 00:31:19,938 [INFO] CodeEngine:311 - oldGeneratedFile, /home/desd/STM32CubeIDE/workspace_1.12.1/TRY/Core/Inc/stm32f4xx_hal_conf.h_save
2023-05-28 00:31:19,983 [INFO] CodeEngine:335 - Generated code: /home/desd/STM32CubeIDE/workspace_1.12.1/TRY/Core/Inc/stm32f4xx_hal_conf.h
2023-05-28 00:31:19,993 [INFO] CodeEngine:255 - oldGeneratedFile, /home/desd/STM32CubeIDE/workspace_1.12.1/TRY/Core/Inc/main.h_save
2023-05-28 00:31:20,047 [INFO] CodeEngine:279 - Generated code: /home/desd/STM32CubeIDE/workspace_1.12.1/TRY/Core/Inc/main.h
2023-05-28 00:31:20,048 [INFO] CodeEngine:255 - oldGeneratedFile, /home/desd/STM32CubeIDE/workspace_1.12.1/TRY/Core/Src/main.c_save
2023-05-28 00:31:20,105 [INFO] CodeEngine:279 - Generated code: /home/desd/STM32CubeIDE/workspace_1.12.1/TRY/Core/Src/main.c
2023-05-28 00:31:20,589 [INFO] ProjectBuilder:2996 - Time for Copy HAL[1] : 14mS.
2023-05-28 00:31:20,590 [INFO] ProjectBuilder:4304 - Project Generator version: 3.19.2
2023-05-28 00:31:20,779 [INFO] ConfigFileManager:1483 - The Die is : DIE413
2023-05-28 00:31:21,665 [INFO] ProjectBuilder:4505 - Time for Generating toolchain IDE Files: 1075mS.
2023-05-28 00:31:21,665 [INFO] ProjectBuilder:2867 - Time for Copy CMSIS : 0mS.
2023-05-28 00:31:21,665 [INFO] ProjectBuilder:2867 - Time for Copy CMSIS : 0mS.
2023-05-28 00:43:27,640 [INFO] UtilMem:75 - End SaveConfig() Used Memory: 631893728 Bytes (782237696)
2023-05-28 00:43:29,114 [INFO] UtilMem:75 - End SaveConfig() Used Memory: 305731568 Bytes (782237696)
2023-05-28 00:43:29,298 [INFO] BlockDiagram:2759 - set Specific Code input for plugin: SYS
2023-05-28 00:43:29,298 [INFO] BlockDiagram:2759 - set Specific Code input for plugin: RCC
2023-05-28 00:43:29,298 [INFO] BlockDiagram:2759 - set Specific Code input for plugin: NVIC
2023-05-28 00:43:29,299 [INFO] BlockDiagram:2759 - set Specific Code input for plugin: GPIO
2023-05-28 00:43:29,299 [INFO] CodeGenerator:793 - code generatio: config db path: /opt/st/stm32cubeide_1.12.1/plugins/com.st.stm32cube.common.mx_6.8.1.202304191431//db/
2023-05-28 00:43:29,433 [INFO] CodeEngine:255 - oldGeneratedFile, /home/desd/STM32CubeIDE/workspace_1.12.1/TRY/MXTmpFiles/license.tmp_save
2023-05-28 00:43:29,502 [INFO] CodeEngine:279 - Generated code: /home/desd/STM32CubeIDE/workspace_1.12.1/TRY/MXTmpFiles/license.tmp
2023-05-28 00:43:29,508 [INFO] CodeEngine:255 - oldGeneratedFile, /home/desd/STM32CubeIDE/workspace_1.12.1/TRY/MXTmpFiles/gpio.tmp_save
2023-05-28 00:43:29,563 [INFO] CodeEngine:279 - Generated code: /home/desd/STM32CubeIDE/workspace_1.12.1/TRY/MXTmpFiles/gpio.tmp
2023-05-28 00:43:29,571 [INFO] CodeEngine:255 - oldGeneratedFile, /home/desd/STM32CubeIDE/workspace_1.12.1/TRY/Core/Src/stm32f4xx_it.c_save
2023-05-28 00:43:29,621 [INFO] CodeEngine:279 - Generated code: /home/desd/STM32CubeIDE/workspace_1.12.1/TRY/Core/Src/stm32f4xx_it.c
2023-05-28 00:43:29,622 [INFO] CodeEngine:255 - oldGeneratedFile, /home/desd/STM32CubeIDE/workspace_1.12.1/TRY/Core/Inc/stm32f4xx_it.h_save
2023-05-28 00:43:29,666 [INFO] CodeEngine:279 - Generated code: /home/desd/STM32CubeIDE/workspace_1.12.1/TRY/Core/Inc/stm32f4xx_it.h
2023-05-28 00:43:29,668 [INFO] CodeEngine:255 - oldGeneratedFile, /home/desd/STM32CubeIDE/workspace_1.12.1/TRY/Core/Src/stm32f4xx_hal_msp.c_save
2023-05-28 00:43:29,723 [INFO] CodeEngine:279 - Generated code: /home/desd/STM32CubeIDE/workspace_1.12.1/TRY/Core/Src/stm32f4xx_hal_msp.c
2023-05-28 00:43:29,723 [INFO] CodeEngine:255 - oldGeneratedFile, /home/desd/STM32CubeIDE/workspace_1.12.1/TRY/MXTmpFiles/system.tmp_save
2023-05-28 00:43:29,762 [INFO] CodeEngine:279 - Generated code: /home/desd/STM32CubeIDE/workspace_1.12.1/TRY/MXTmpFiles/system.tmp
2023-05-28 00:43:29,762 [INFO] CodeEngine:255 - oldGeneratedFile, /home/desd/STM32CubeIDE/workspace_1.12.1/TRY/Core/Src/stm32f4xx_hal_timebase_tim.c_save
2023-05-28 00:43:29,807 [INFO] CodeEngine:279 - Generated code: /home/desd/STM32CubeIDE/workspace_1.12.1/TRY/Core/Src/stm32f4xx_hal_timebase_tim.c
2023-05-28 00:43:29,808 [INFO] CodeEngine:311 - oldGeneratedFile, /home/desd/STM32CubeIDE/workspace_1.12.1/TRY/Core/Inc/stm32f4xx_hal_conf.h_save
2023-05-28 00:43:29,854 [INFO] CodeEngine:335 - Generated code: /home/desd/STM32CubeIDE/workspace_1.12.1/TRY/Core/Inc/stm32f4xx_hal_conf.h
2023-05-28 00:43:29,863 [INFO] CodeEngine:255 - oldGeneratedFile, /home/desd/STM32CubeIDE/workspace_1.12.1/TRY/Core/Inc/main.h_save
2023-05-28 00:43:29,903 [INFO] CodeEngine:279 - Generated code: /home/desd/STM32CubeIDE/workspace_1.12.1/TRY/Core/Inc/main.h
2023-05-28 00:43:29,904 [INFO] CodeEngine:255 - oldGeneratedFile, /home/desd/STM32CubeIDE/workspace_1.12.1/TRY/Core/Src/main.c_save
2023-05-28 00:43:29,958 [INFO] CodeEngine:279 - Generated code: /home/desd/STM32CubeIDE/workspace_1.12.1/TRY/Core/Src/main.c
2023-05-28 00:43:30,447 [INFO] ProjectBuilder:2996 - Time for Copy HAL[1] : 15mS.
2023-05-28 00:43:30,448 [INFO] ProjectBuilder:4304 - Project Generator version: 3.19.2
2023-05-28 00:43:30,750 [INFO] ConfigFileManager:1483 - The Die is : DIE413
2023-05-28 00:43:31,621 [INFO] ProjectBuilder:4505 - Time for Generating toolchain IDE Files: 1173mS.
2023-05-28 00:43:31,622 [INFO] ProjectBuilder:2867 - Time for Copy CMSIS : 1mS.
2023-05-28 00:43:31,622 [INFO] ProjectBuilder:2867 - Time for Copy CMSIS : 0mS.
